/*
WARNING: the following wellformedness checks failed!

Unbound variables
=================

  rule `Equality_gen' has unbound variables: 
    x
  
  rule `NEquality_gen' has unbound variables: 
    x, y

Facts occur in the left-hand-side but not in any right-hand-side 
=================================================================

  1. in rule "Server__merged_____7_____10__65":  factName `False' arity: 0 multiplicity: Linear

Derivation Checks
=================

  Derivation checks timed out.
  Use --derivcheck-timeout=INT to configure timeout.
  Set to 0 to deactivate for no timeout.
*/

/*
Generated from:
Tamarin version 1.10.0
Maude version 3.3
Git revision: UNKNOWN, branch: UNKNOWN
Compiled at: 2025-05-25 12:24:05.599972296 UTC
*/

end

==============================================================================
summary of summaries:

analyzed: tamarin_models/camserver.spthy

  processing time: 436.01s
  
  WARNING: 4 wellformedness check failed!
           The analysis results might be wrong!
  
  AlwaysStarts__ (all-traces): analysis incomplete (1 steps)
  AlwaysStartsWhenEnds__ (all-traces): analysis incomplete (1 steps)
  TransitionOnce__ (all-traces): analysis incomplete (1 steps)
  Correspondence (all-traces): analysis incomplete (1 steps)
  Reachable (exists-trace): verified (25 steps)

==============================================================================

